<?xml version="1.0" encoding="UTF-8"?>
<!-- Generated by org.testng.reporters.JUnitXMLReporter -->
<testsuite ignored="0" hostname="Alfaro" failures="0" tests="3" name="Surefire test" time="40.434" errors="0" timestamp="2025-01-08T18:50:50 CST">
  <testcase classname="JavaSeleniumTest.temp1.Test4" name="submitOrder" time="9.068"/>
  <testcase classname="JavaSeleniumTest.temp1.Test4" name="submitOrder" time="9.583"/>
  <testcase classname="JavaSeleniumTest.temp1.Test4" name="OrderHistory" time="1.611"/>
</testsuite> <!-- Surefire test -->
