<?xml version="1.0" encoding="UTF-8"?>
<!-- Generated by org.testng.reporters.JUnitXMLReporter -->
<testsuite ignored="1" hostname="Alfaro" failures="0" tests="2" name="Submit Order" time="38.22" errors="0" timestamp="2025-03-18T17:37:59 CST">
  <testcase classname="JavaSeleniumTest.temp1.Test4" name="submitOrder" time="9.409"/>
  <testcase classname="JavaSeleniumTest.temp1.Test4" name="submitOrder" time="8.935"/>
  <testcase classname="JavaSeleniumTest.temp1.Test4" name="OrderHistory" time="0.0">
    <ignored/>
  </testcase> <!-- OrderHistory -->
</testsuite> <!-- Submit Order -->
