<?xml version="1.0" encoding="UTF-8"?>
<!-- Generated by org.testng.reporters.JUnitXMLReporter -->
<testsuite ignored="0" hostname="Alfaro" failures="0" tests="3" name="Submit Order" time="47.121" errors="0" timestamp="2025-01-08T14:04:40 CST">
  <testcase classname="JavaSeleniumTest.temp1.Test4" name="submitOrder" time="9.511"/>
  <testcase classname="JavaSeleniumTest.temp1.Test4" name="submitOrder" time="9.288"/>
  <testcase classname="JavaSeleniumTest.temp1.Test4" name="OrderHistory" time="0.853"/>
</testsuite> <!-- Submit Order -->
