<?xml version="1.0" encoding="UTF-8"?>
<!-- Generated by org.testng.reporters.JUnitXMLReporter -->
<testsuite ignored="2" hostname="Alfaro" failures="0" tests="0" time="0.007" errors="0" timestamp="2025-01-08T19:54:58 CST">
  <testcase classname="JavaSeleniumTest.temp1.Test4" name="submitOrder" time="0.0">
    <ignored/>
  </testcase> <!-- submitOrder -->
  <testcase classname="JavaSeleniumTest.temp1.Test4" name="OrderHistory" time="0.0">
    <ignored/>
  </testcase> <!-- OrderHistory -->
</testsuite>
