<?xml version="1.0" encoding="UTF-8"?>
<!-- Generated by org.testng.reporters.JUnitXMLReporter -->
<testsuite ignored="1" hostname="Alfaro" failures="0" tests="1" name="Test" time="7.85" errors="0" timestamp="2025-01-08T19:55:06 CST">
  <testcase classname="JavaSeleniumTest.temp1.ErrorValidation" name="LoginErrorValidation" time="1.268"/>
  <testcase classname="JavaSeleniumTest.temp1.ErrorValidation" name="ProductErrorValidation" time="0.0">
    <ignored/>
  </testcase> <!-- ProductErrorValidation -->
</testsuite> <!-- Test -->
