<?xml version="1.0" encoding="UTF-8"?>
<testng-results ignored="0" total="1" passed="1" failed="0" skipped="0">
  <reporter-output>
  </reporter-output>
  <suite started-at="2025-01-08T19:54:58 CST" name="Suite" finished-at="2025-01-08T19:55:06 CST" duration-ms="7850">
    <groups>
      <group name="ErrorHandling">
        <method signature="ErrorValidation.LoginErrorValidation()[pri:0, instance:JavaSeleniumTest.temp1.ErrorValidation@48f2bd5b]" name="LoginErrorValidation" class="JavaSeleniumTest.temp1.ErrorValidation"/>
      </group> <!-- ErrorHandling -->
    </groups>
    <test started-at="2025-01-08T19:54:58 CST" name="Submit Order" finished-at="2025-01-08T19:54:58 CST" duration-ms="7">
    </test> <!-- Submit Order -->
    <test started-at="2025-01-08T19:54:58 CST" name="Test" finished-at="2025-01-08T19:55:06 CST" duration-ms="7850">
      <class name="JavaSeleniumTest.temp1.ErrorValidation">
        <test-method is-config="true" signature="launchApp()[pri:0, instance:JavaSeleniumTest.temp1.ErrorValidation@48f2bd5b]" started-at="2025-01-08T19:54:58 CST" name="launchApp" finished-at="2025-01-08T19:55:04 CST" duration-ms="6444" status="PASS">
          <reporter-output>
          </reporter-output>
        </test-method> <!-- launchApp -->
        <test-method signature="LoginErrorValidation()[pri:0, instance:JavaSeleniumTest.temp1.ErrorValidation@48f2bd5b]" started-at="2025-01-08T19:55:04 CST" name="LoginErrorValidation" finished-at="2025-01-08T19:55:06 CST" duration-ms="1268" status="PASS">
          <reporter-output>
          </reporter-output>
        </test-method> <!-- LoginErrorValidation -->
        <test-method is-config="true" signature="tearDown()[pri:0, instance:JavaSeleniumTest.temp1.ErrorValidation@48f2bd5b]" started-at="2025-01-08T19:55:06 CST" name="tearDown" finished-at="2025-01-08T19:55:06 CST" duration-ms="105" status="PASS">
          <reporter-output>
          </reporter-output>
        </test-method> <!-- tearDown -->
      </class> <!-- JavaSeleniumTest.temp1.ErrorValidation -->
    </test> <!-- Test -->
  </suite> <!-- Suite -->
</testng-results>
