<?xml version="1.0" encoding="UTF-8"?>
<testng-results ignored="2" total="5" passed="3" failed="0" skipped="0">
  <reporter-output>
  </reporter-output>
  <suite started-at="2025-03-18T17:37:21 CST" name="Suite" finished-at="2025-03-18T17:37:59 CST" duration-ms="38220">
    <groups>
      <group name="Purshase">
        <method signature="Test4.submitOrder(java.util.HashMap)[pri:0, instance:JavaSeleniumTest.temp1.Test4@3e11f9e9]" name="submitOrder" class="JavaSeleniumTest.temp1.Test4"/>
        <method signature="ErrorValidation.LoginErrorValidation()[pri:0, instance:JavaSeleniumTest.temp1.ErrorValidation@2e8c1c9b]" name="LoginErrorValidation" class="JavaSeleniumTest.temp1.ErrorValidation"/>
      </group> <!-- Purshase -->
    </groups>
    <test started-at="2025-03-18T17:37:21 CST" name="Test" finished-at="2025-03-18T17:37:33 CST" duration-ms="12048">
      <class name="JavaSeleniumTest.temp1.ErrorValidation">
        <test-method is-config="true" signature="launchApp()[pri:0, instance:JavaSeleniumTest.temp1.ErrorValidation@2e8c1c9b]" started-at="2025-03-18T17:37:21 CST" name="launchApp" finished-at="2025-03-18T17:37:31 CST" duration-ms="10238" status="PASS">
          <reporter-output>
          </reporter-output>
        </test-method> <!-- launchApp -->
        <test-method signature="LoginErrorValidation()[pri:0, instance:JavaSeleniumTest.temp1.ErrorValidation@2e8c1c9b]" started-at="2025-03-18T17:37:31 CST" name="LoginErrorValidation" finished-at="2025-03-18T17:37:32 CST" duration-ms="1043" status="PASS">
          <reporter-output>
          </reporter-output>
        </test-method> <!-- LoginErrorValidation -->
        <test-method is-config="true" signature="tearDown()[pri:0, instance:JavaSeleniumTest.temp1.ErrorValidation@2e8c1c9b]" started-at="2025-03-18T17:37:32 CST" name="tearDown" finished-at="2025-03-18T17:37:33 CST" duration-ms="734" status="PASS">
          <reporter-output>
          </reporter-output>
        </test-method> <!-- tearDown -->
      </class> <!-- JavaSeleniumTest.temp1.ErrorValidation -->
    </test> <!-- Test -->
    <test started-at="2025-03-18T17:37:21 CST" name="Submit Order" finished-at="2025-03-18T17:37:59 CST" duration-ms="38220">
      <class name="JavaSeleniumTest.temp1.Test4">
        <test-method is-config="true" signature="launchApp()[pri:0, instance:JavaSeleniumTest.temp1.Test4@3e11f9e9]" started-at="2025-03-18T17:37:21 CST" name="launchApp" finished-at="2025-03-18T17:37:32 CST" duration-ms="10954" status="PASS">
          <reporter-output>
          </reporter-output>
        </test-method> <!-- launchApp -->
        <test-method signature="submitOrder(java.util.HashMap)[pri:0, instance:JavaSeleniumTest.temp1.Test4@3e11f9e9]" started-at="2025-03-18T17:37:32 CST" name="submitOrder" data-provider="getData" finished-at="2025-03-18T17:37:42 CST" duration-ms="9409" status="PASS">
          <params>
            <param index="0">
              <value>
                <![CDATA[{country=India, productname=IPHONE 13 PRO, password=Iamking@000, email=anshika@gmail.com, username=anshika@gmail.com}]]>
              </value>
            </param>
          </params>
          <reporter-output>
          </reporter-output>
        </test-method> <!-- submitOrder -->
        <test-method is-config="true" signature="tearDown()[pri:0, instance:JavaSeleniumTest.temp1.Test4@3e11f9e9]" started-at="2025-03-18T17:37:42 CST" name="tearDown" finished-at="2025-03-18T17:37:42 CST" duration-ms="615" status="PASS">
          <reporter-output>
          </reporter-output>
        </test-method> <!-- tearDown -->
        <test-method is-config="true" signature="launchApp()[pri:0, instance:JavaSeleniumTest.temp1.Test4@3e11f9e9]" started-at="2025-03-18T17:37:42 CST" name="launchApp" finished-at="2025-03-18T17:37:50 CST" duration-ms="7408" status="PASS">
          <reporter-output>
          </reporter-output>
        </test-method> <!-- launchApp -->
        <test-method signature="submitOrder(java.util.HashMap)[pri:0, instance:JavaSeleniumTest.temp1.Test4@3e11f9e9]" started-at="2025-03-18T17:37:50 CST" name="submitOrder" data-provider="getData" finished-at="2025-03-18T17:37:59 CST" duration-ms="8935" status="PASS">
          <params>
            <param index="0">
              <value>
                <![CDATA[{country=India, productname=IPHONE 13 PRO, password=Iamking@000, username=shetty@gmail.com}]]>
              </value>
            </param>
          </params>
          <reporter-output>
          </reporter-output>
        </test-method> <!-- submitOrder -->
        <test-method is-config="true" signature="tearDown()[pri:0, instance:JavaSeleniumTest.temp1.Test4@3e11f9e9]" started-at="2025-03-18T17:37:59 CST" name="tearDown" finished-at="2025-03-18T17:37:59 CST" duration-ms="578" status="PASS">
          <reporter-output>
          </reporter-output>
        </test-method> <!-- tearDown -->
      </class> <!-- JavaSeleniumTest.temp1.Test4 -->
    </test> <!-- Submit Order -->
  </suite> <!-- Suite -->
</testng-results>
